% m -j16 && webserv tester_config
c++  -Wall -Wextra -Werror -pedantic -MMD -std=c++98 -Isrcs -g3 -fsanitize=address -fsanitize=undefined  -c -o srcs/main.o srcs/main.cpp
c++ -fsanitize=address -fsanitize=undefined -o webserv srcs/main.o srcs/Server.o srcs/config/VirtualServer.o srcs/config/ServerConfig.o srcs/sockets/ASocket.o srcs/sockets/ListenSocket.o srcs/sockets/SessionSocket.o srcs/http/HTTPRequest.o srcs/http/HTTPResponse.o srcs/handlers/AHandler.o srcs/handlers/DeleteHandler.o srcs/handlers/ACgiHandler.o srcs/handlers/GetHandler.o srcs/handlers/PostHandler.o srcs/handlers/PutHandler.o srcs/utils/log.o srcs/utils/string.o srcs/utils/FileInfo.o
[15:11:39.204] - INFO - configuration file 'tester_config' opened
[15:11:39.206] - INFO - configuration file 'tester_config' loaded
AddressSanitizer:DEADLYSIGNAL
=================================================================
==30768==ERROR: AddressSanitizer: SEGV on unknown address 0x000000000008 (pc 0x7fff207851c6 bp 0x7ffee58fc8d0 sp 0x7ffee58fc8d0 T0)
==30768==The signal is caused by a WRITE memory access.
==30768==Hint: address points to the zero page.
    #0 0x7fff207851c6 in std::__1::__shared_count::__add_shared()+0x4 (libc++.1.dylib:x86_64+0x391c6)
    #1 0x7fff2075fdb4 in std::__1::basic_ostream<char, std::__1::char_traits<char> >::operator<<(int)+0x62 (libc++.1.dylib:x86_64+0x13db4)
    #2 0x10a42b547 in ListenSocket::ListenSocket(unsigned int, unsigned short, int) ListenSocket.cpp:25
    #3 0x10a42c832 in ListenSocket::ListenSocket(unsigned int, unsigned short, int) ListenSocket.cpp:11
    #4 0x10a30ad92 in Server::Server(char const*) Server.cpp:25
    #5 0x10a30da20 in Server::Server(char const*) Server.cpp:14
    #6 0x10a3044be in main main.cpp:12
    #7 0x7fff20809f3c in start+0x0 (libdyld.dylib:x86_64+0x15f3c)

==30768==Register values:
rax = 0x0000000000000000  rbx = 0x000000010a6ecae0  rcx = 0x0000000000000008  rdx = 0x311fa04ce50d1ace
rdi = 0x0000000000000000  rsi = 0x000000010a6ecb18  rbp = 0x00007ffee58fc8d0  rsp = 0x00007ffee58fc8d0
 r8 = 0x0000000000000001   r9 = 0x0000000000000000  r10 = 0x0000000000000001  r11 = 0x00007fff2075fd52
r12 = 0x0000000000000000  r13 = 0x0000000000000000  r14 = 0x0000000000000003  r15 = 0x00007ffee58fc8f8
AddressSanitizer can not provide additional info.
SUMMARY: AddressSanitizer: SEGV (libc++.1.dylib:x86_64+0x391c6) in std::__1::__shared_count::__add_shared()+0x4
==30768==ABORTING
zsh: abort      webserv tester_config
